<?xml version="1.0" encoding="UTF-8"?>
<testsuite name="getWeather.ApplicationTest" tests="1" skipped="0" failures="0" errors="0" timestamp="2017-04-28T03:58:15" hostname="localhost.localdomain" time="0.094">
  <properties/>
  <testcase name="contextLoads" classname="getWeather.ApplicationTest" time="0.094"/>
  <system-out><![CDATA[21:57:10.402 [Test worker] DEBUG org.springframework.test.context.junit4.SpringJUnit4ClassRunner - SpringJUnit4ClassRunner constructor called with [class getWeather.ApplicationTest]
21:57:10.410 [Test worker] DEBUG org.springframework.test.context.BootstrapUtils - Instantiating CacheAwareContextLoaderDelegate from class [org.springframework.test.context.cache.DefaultCacheAwareContextLoaderDelegate]
21:57:10.420 [Test worker] DEBUG org.springframework.test.context.BootstrapUtils - Instantiating BootstrapContext using constructor [public org.springframework.test.context.support.DefaultBootstrapContext(java.lang.Class,org.springframework.test.context.CacheAwareContextLoaderDelegate)]
21:57:10.446 [Test worker] DEBUG org.springframework.test.context.BootstrapUtils - Instantiating TestContextBootstrapper for test class [getWeather.ApplicationTest] from class [org.springframework.boot.test.context.SpringBootTestContextBootstrapper]
21:57:10.467 [Test worker] INFO org.springframework.boot.test.context.SpringBootTestContextBootstrapper - Neither @ContextConfiguration nor @ContextHierarchy found for test class [getWeather.ApplicationTest], using SpringBootContextLoader
21:57:10.469 [Test worker] DEBUG org.springframework.test.context.support.AbstractContextLoader - Did not detect default resource location for test class [getWeather.ApplicationTest]: class path resource [getWeather/ApplicationTest-context.xml] does not exist
21:57:10.473 [Test worker] DEBUG org.springframework.test.context.support.AbstractContextLoader - Did not detect default resource location for test class [getWeather.ApplicationTest]: class path resource [getWeather/ApplicationTestContext.groovy] does not exist
21:57:10.473 [Test worker] INFO org.springframework.test.context.support.AbstractContextLoader - Could not detect default resource locations for test class [getWeather.ApplicationTest]: no resource found for suffixes {-context.xml, Context.groovy}.
21:57:10.475 [Test worker] INFO org.springframework.test.context.support.AnnotationConfigContextLoaderUtils - Could not detect default configuration classes for test class [getWeather.ApplicationTest]: ApplicationTest does not declare any static, non-private, non-final, nested classes annotated with @Configuration.
21:57:10.530 [Test worker] DEBUG org.springframework.test.context.support.ActiveProfilesUtils - Could not find an 'annotation declaring class' for annotation type [org.springframework.test.context.ActiveProfiles] and class [getWeather.ApplicationTest]
21:57:10.545 [Test worker] DEBUG org.springframework.core.env.StandardEnvironment - Adding [systemProperties] PropertySource with lowest search precedence
21:57:10.546 [Test worker] DEBUG org.springframework.core.env.StandardEnvironment - Adding [systemEnvironment] PropertySource with lowest search precedence
21:57:10.547 [Test worker] DEBUG org.springframework.core.env.StandardEnvironment - Initialized StandardEnvironment with PropertySources [systemProperties,systemEnvironment]
21:57:10.563 [Test worker] DEBUG org.springframework.core.io.support.PathMatchingResourcePatternResolver - Resolved classpath location [getWeather/] to resources [URL [file:/home/vagrant/examples/getWeather/build/classes/test/getWeather/], URL [file:/home/vagrant/examples/getWeather/build/classes/main/getWeather/]]
21:57:10.563 [Test worker] DEBUG org.springframework.core.io.support.PathMatchingResourcePatternResolver - Looking for matching resources in directory tree [/home/vagrant/examples/getWeather/build/classes/test/getWeather]
21:57:10.564 [Test worker] DEBUG org.springframework.core.io.support.PathMatchingResourcePatternResolver - Searching directory [/home/vagrant/examples/getWeather/build/classes/test/getWeather] for files matching pattern [/home/vagrant/examples/getWeather/build/classes/test/getWeather/*.class]
21:57:10.576 [Test worker] DEBUG org.springframework.core.io.support.PathMatchingResourcePatternResolver - Looking for matching resources in directory tree [/home/vagrant/examples/getWeather/build/classes/main/getWeather]
21:57:10.576 [Test worker] DEBUG org.springframework.core.io.support.PathMatchingResourcePatternResolver - Searching directory [/home/vagrant/examples/getWeather/build/classes/main/getWeather] for files matching pattern [/home/vagrant/examples/getWeather/build/classes/main/getWeather/*.class]
21:57:10.577 [Test worker] DEBUG org.springframework.core.io.support.PathMatchingResourcePatternResolver - Resolved location pattern [classpath*:getWeather/*.class] to resources [file [/home/vagrant/examples/getWeather/build/classes/test/getWeather/ApplicationTest.class], file [/home/vagrant/examples/getWeather/build/classes/main/getWeather/Application.class]]
21:57:10.651 [Test worker] DEBUG org.springframework.context.annotation.ClassPathScanningCandidateComponentProvider - Identified candidate component class: file [/home/vagrant/examples/getWeather/build/classes/main/getWeather/Application.class]
21:57:10.657 [Test worker] INFO org.springframework.boot.test.context.SpringBootTestContextBootstrapper - Found @SpringBootConfiguration getWeather.Application for test class getWeather.ApplicationTest
21:57:10.663 [Test worker] DEBUG org.springframework.boot.test.context.SpringBootTestContextBootstrapper - @TestExecutionListeners is not present for class [getWeather.ApplicationTest]: using defaults.
21:57:10.671 [Test worker] INFO org.springframework.boot.test.context.SpringBootTestContextBootstrapper - Loaded default TestExecutionListener class names from location [META-INF/spring.factories]: [org.springframework.boot.test.mock.mockito.MockitoTestExecutionListener, org.springframework.boot.test.mock.mockito.ResetMocksTestExecutionListener, org.springframework.boot.test.autoconfigure.restdocs.RestDocsTestExecutionListener, org.springframework.boot.test.autoconfigure.web.client.MockRestServiceServerResetTestExecutionListener, org.springframework.boot.test.autoconfigure.web.servlet.MockMvcPrintOnlyOnFailureTestExecutionListener, org.springframework.boot.test.autoconfigure.web.servlet.WebDriverTestExecutionListener, org.springframework.test.context.web.ServletTestExecutionListener, org.springframework.test.context.support.DirtiesContextBeforeModesTestExecutionListener, org.springframework.test.context.support.DependencyInjectionTestExecutionListener, org.springframework.test.context.support.DirtiesContextTestExecutionListener, org.springframework.test.context.transaction.TransactionalTestExecutionListener, org.springframework.test.context.jdbc.SqlScriptsTestExecutionListener]
21:57:10.691 [Test worker] INFO org.springframework.boot.test.context.SpringBootTestContextBootstrapper - Could not instantiate TestExecutionListener [org.springframework.test.context.transaction.TransactionalTestExecutionListener]. Specify custom listener classes or make the default listener classes (and their required dependencies) available. Offending class: [org/springframework/transaction/TransactionDefinition]
21:57:10.692 [Test worker] INFO org.springframework.boot.test.context.SpringBootTestContextBootstrapper - Could not instantiate TestExecutionListener [org.springframework.test.context.web.ServletTestExecutionListener]. Specify custom listener classes or make the default listener classes (and their required dependencies) available. Offending class: [javax/servlet/ServletContext]
21:57:10.697 [Test worker] INFO org.springframework.boot.test.context.SpringBootTestContextBootstrapper - Could not instantiate TestExecutionListener [org.springframework.test.context.jdbc.SqlScriptsTestExecutionListener]. Specify custom listener classes or make the default listener classes (and their required dependencies) available. Offending class: [org/springframework/transaction/interceptor/TransactionAttribute]
21:57:10.698 [Test worker] INFO org.springframework.boot.test.context.SpringBootTestContextBootstrapper - Using TestExecutionListeners: [org.springframework.test.context.support.DirtiesContextBeforeModesTestExecutionListener@67e95f37, org.springframework.boot.test.autoconfigure.SpringBootDependencyInjectionTestExecutionListener@570874d5, org.springframework.test.context.support.DirtiesContextTestExecutionListener@7ee5f808, org.springframework.boot.test.autoconfigure.web.client.MockRestServiceServerResetTestExecutionListener@79b2f4ea, org.springframework.boot.test.mock.mockito.ResetMocksTestExecutionListener@540f1c0c, org.springframework.boot.test.autoconfigure.web.servlet.MockMvcPrintOnlyOnFailureTestExecutionListener@40b56484, org.springframework.boot.test.mock.mockito.MockitoTestExecutionListener@1141f122, org.springframework.boot.test.autoconfigure.web.servlet.WebDriverTestExecutionListener@7f3a5244, org.springframework.boot.test.autoconfigure.restdocs.RestDocsTestExecutionListener@53f9ded3]
21:57:10.704 [Test worker] DEBUG org.springframework.test.annotation.ProfileValueUtils - Retrieved @ProfileValueSourceConfiguration [null] for test class [getWeather.ApplicationTest]
21:57:10.704 [Test worker] DEBUG org.springframework.test.annotation.ProfileValueUtils - Retrieved ProfileValueSource type [class org.springframework.test.annotation.SystemProfileValueSource] for class [getWeather.ApplicationTest]
21:57:10.706 [Test worker] DEBUG org.springframework.test.annotation.ProfileValueUtils - Retrieved @ProfileValueSourceConfiguration [null] for test class [getWeather.ApplicationTest]
21:57:10.707 [Test worker] DEBUG org.springframework.test.annotation.ProfileValueUtils - Retrieved ProfileValueSource type [class org.springframework.test.annotation.SystemProfileValueSource] for class [getWeather.ApplicationTest]
21:57:10.712 [Test worker] DEBUG org.springframework.test.context.support.AbstractDirtiesContextTestExecutionListener - Before test class: context [DefaultTestContext@2e9fb6ee testClass = ApplicationTest, testInstance = [null], testMethod = [null], testException = [null], mergedContextConfiguration = [MergedContextConfiguration@14ff4282 testClass = ApplicationTest, locations = '{}', classes = '{class getWeather.Application}', contextInitializerClasses = '[]', activeProfiles = '{}', propertySourceLocations = '{}', propertySourceProperties = '{org.springframework.boot.test.context.SpringBootTestContextBootstrapper=true}', contextCustomizers = set[org.springframework.boot.test.context.SpringBootTestContextCustomizer@14330fdc, org.springframework.boot.test.context.filter.ExcludeFilterContextCustomizer@3b9737f, org.springframework.boot.test.mock.mockito.MockitoContextCustomizer@0, org.springframework.boot.test.autoconfigure.properties.PropertyMappingContextCustomizer@0, org.springframework.boot.test.autoconfigure.web.servlet.WebDriverContextCustomizerFactory$Customizer@2f7ef6ed], contextLoader = 'org.springframework.boot.test.context.SpringBootContextLoader', parent = [null]]], class annotated with @DirtiesContext [false] with mode [null].
21:57:10.713 [Test worker] DEBUG org.springframework.test.annotation.ProfileValueUtils - Retrieved @ProfileValueSourceConfiguration [null] for test class [getWeather.ApplicationTest]
21:57:10.714 [Test worker] DEBUG org.springframework.test.annotation.ProfileValueUtils - Retrieved ProfileValueSource type [class org.springframework.test.annotation.SystemProfileValueSource] for class [getWeather.ApplicationTest]
21:57:10.717 [Test worker] DEBUG org.springframework.test.context.support.DependencyInjectionTestExecutionListener - Performing dependency injection for test context [[DefaultTestContext@2e9fb6ee testClass = ApplicationTest, testInstance = getWeather.ApplicationTest@5df2b785, testMethod = [null], testException = [null], mergedContextConfiguration = [MergedContextConfiguration@14ff4282 testClass = ApplicationTest, locations = '{}', classes = '{class getWeather.Application}', contextInitializerClasses = '[]', activeProfiles = '{}', propertySourceLocations = '{}', propertySourceProperties = '{org.springframework.boot.test.context.SpringBootTestContextBootstrapper=true}', contextCustomizers = set[org.springframework.boot.test.context.SpringBootTestContextCustomizer@14330fdc, org.springframework.boot.test.context.filter.ExcludeFilterContextCustomizer@3b9737f, org.springframework.boot.test.mock.mockito.MockitoContextCustomizer@0, org.springframework.boot.test.autoconfigure.properties.PropertyMappingContextCustomizer@0, org.springframework.boot.test.autoconfigure.web.servlet.WebDriverContextCustomizerFactory$Customizer@2f7ef6ed], contextLoader = 'org.springframework.boot.test.context.SpringBootContextLoader', parent = [null]]]].
21:57:10.816 [Test worker] DEBUG org.springframework.core.env.StandardEnvironment - Adding [systemProperties] PropertySource with lowest search precedence
21:57:10.816 [Test worker] DEBUG org.springframework.core.env.StandardEnvironment - Adding [systemEnvironment] PropertySource with lowest search precedence
21:57:10.818 [Test worker] DEBUG org.springframework.core.env.StandardEnvironment - Initialized StandardEnvironment with PropertySources [systemProperties,systemEnvironment]
21:57:10.819 [Test worker] DEBUG org.springframework.core.env.MutablePropertySources - Adding [inline] PropertySource with highest search precedence
21:57:10.829 [Test worker] DEBUG org.springframework.test.context.support.TestPropertySourceUtils - Adding inlined properties to environment: {spring.jmx.enabled=false, org.springframework.boot.test.context.SpringBootTestContextBootstrapper=true, server.port=-1}
21:57:10.830 [Test worker] DEBUG org.springframework.core.env.StandardEnvironment - Adding [Inlined Test Properties] PropertySource with highest search precedence

  .   ____          _            __ _ _
 /\\ / ___'_ __ _ _(_)_ __  __ _ \ \ \ \
( ( )\___ | '_ | '_| | '_ \/ _` | \ \ \ \
 \\/  ___)| |_)| | | | | || (_| |  ) ) ) )
  '  |____| .__|_| |_|_| |_\__, | / / / /
 =========|_|==============|___/=/_/_/_/
 :: Spring Boot ::        (v1.5.3.RELEASE)

2017-04-27 21:57:11.264  INFO 22035 --- [    Test worker] getWeather.ApplicationTest               : Starting ApplicationTest on localhost.localdomain with PID 22035 (started by vagrant in /home/vagrant/examples/getWeather)
2017-04-27 21:57:11.268  INFO 22035 --- [    Test worker] getWeather.ApplicationTest               : No active profile set, falling back to default profiles: default
2017-04-27 21:57:11.339  INFO 22035 --- [    Test worker] s.c.a.AnnotationConfigApplicationContext : Refreshing org.springframework.context.annotation.AnnotationConfigApplicationContext@5c8d2834: startup date [Thu Apr 27 21:57:11 MDT 2017]; root of context hierarchy
2017-04-27 21:57:17.733  INFO 22035 --- [    Test worker] getWeather.Application                   : Weather for Glasgow,uk: {"coord":{"lon":-4.26,"lat":55.87},"weather":[{"id":804,"main":"Clouds","description":"overcast clouds","icon":"04n"}],"base":"stations","main":{"temp":278.14,"pressure":1017,"humidity":93,"temp_min":276.15,"temp_max":279.15},"visibility":10000,"wind":{"speed":2.6,"deg":50},"clouds":{"all":90},"dt":1493349600,"sys":{"type":1,"id":5121,"message":0.0153,"country":"GB","sunrise":1493354390,"sunset":1493409029},"id":2648579,"name":"Glasgow","cod":200} - responseTime=4915
2017-04-27 21:57:17.802  INFO 22035 --- [    Test worker] getWeather.Application                   : Weather for Cardiff,uk: {"coord":{"lon":-3.18,"lat":51.48},"weather":[{"id":801,"main":"Clouds","description":"few clouds","icon":"02n"}],"base":"stations","main":{"temp":279.48,"pressure":1018,"humidity":93,"temp_min":277.15,"temp_max":281.15},"visibility":10000,"wind":{"speed":3.1,"deg":300},"clouds":{"all":20},"dt":1493349600,"sys":{"type":1,"id":5074,"message":0.0235,"country":"GB","sunrise":1493354994,"sunset":1493407891},"id":2653822,"name":"Cardiff","cod":200} - responseTime=68
2017-04-27 21:57:17.861  INFO 22035 --- [    Test worker] getWeather.Application                   : Weather for Denver,us: {"coord":{"lon":-104.98,"lat":39.74},"weather":[{"id":521,"main":"Rain","description":"shower rain","icon":"09n"}],"base":"stations","main":{"temp":279.41,"pressure":1004,"humidity":75,"temp_min":277.15,"temp_max":281.15},"visibility":16093,"wind":{"speed":1.06,"deg":244.504},"clouds":{"all":1},"dt":1493350620,"sys":{"type":1,"id":602,"message":0.8753,"country":"US","sunrise":1493381019,"sunset":1493430698},"id":5419384,"name":"Denver","cod":200} - responseTime=59
2017-04-27 21:57:17.926  INFO 22035 --- [    Test worker] getWeather.Application                   : Weather for 80016,us: {"coord":{"lon":-104.76,"lat":39.52},"weather":[{"id":521,"main":"Rain","description":"shower rain","icon":"09n"}],"base":"stations","main":{"temp":277.45,"pressure":1005,"humidity":80,"temp_min":273.15,"temp_max":280.15},"visibility":16093,"wind":{"speed":1.5,"deg":330},"clouds":{"all":1},"dt":1493350440,"sys":{"type":1,"id":610,"message":0.1036,"country":"US","sunrise":1493380990,"sunset":1493430621},"id":5434006,"name":"Parker","cod":200} - responseTime=65
2017-04-27 21:57:23.086  INFO 22035 --- [    Test worker] getWeather.Application                   : Weather for Glasgow,uk: {"coord":{"lon":-4.26,"lat":55.87},"weather":[{"id":804,"main":"Clouds","description":"overcast clouds","icon":"04n"}],"base":"stations","main":{"temp":278.14,"pressure":1017,"humidity":93,"temp_min":276.15,"temp_max":279.15},"visibility":10000,"wind":{"speed":2.6,"deg":50},"clouds":{"all":90},"dt":1493349600,"sys":{"type":1,"id":5121,"message":0.0153,"country":"GB","sunrise":1493354390,"sunset":1493409029},"id":2648579,"name":"Glasgow","cod":200} - responseTime=156
2017-04-27 21:57:23.157  INFO 22035 --- [    Test worker] getWeather.Application                   : Weather for Cardiff,uk: {"coord":{"lon":-3.18,"lat":51.48},"weather":[{"id":801,"main":"Clouds","description":"few clouds","icon":"02n"}],"base":"stations","main":{"temp":279.48,"pressure":1018,"humidity":93,"temp_min":277.15,"temp_max":281.15},"visibility":10000,"wind":{"speed":3.1,"deg":300},"clouds":{"all":20},"dt":1493349600,"sys":{"type":1,"id":5074,"message":0.0235,"country":"GB","sunrise":1493354994,"sunset":1493407891},"id":2653822,"name":"Cardiff","cod":200} - responseTime=68
2017-04-27 21:57:23.238  INFO 22035 --- [    Test worker] getWeather.Application                   : Weather for Denver,us: {"coord":{"lon":-104.98,"lat":39.74},"weather":[{"id":521,"main":"Rain","description":"shower rain","icon":"09n"}],"base":"stations","main":{"temp":279.41,"pressure":1004,"humidity":75,"temp_min":277.15,"temp_max":281.15},"visibility":16093,"wind":{"speed":1.06,"deg":244.504},"clouds":{"all":1},"dt":1493350620,"sys":{"type":1,"id":602,"message":0.8753,"country":"US","sunrise":1493381019,"sunset":1493430698},"id":5419384,"name":"Denver","cod":200} - responseTime=79
2017-04-27 21:57:23.311  INFO 22035 --- [    Test worker] getWeather.Application                   : Weather for 80016,us: {"coord":{"lon":-104.76,"lat":39.52},"weather":[{"id":521,"main":"Rain","description":"shower rain","icon":"09n"}],"base":"stations","main":{"temp":277.45,"pressure":1005,"humidity":80,"temp_min":273.15,"temp_max":280.15},"visibility":16093,"wind":{"speed":1.5,"deg":330},"clouds":{"all":1},"dt":1493350440,"sys":{"type":1,"id":610,"message":0.1036,"country":"US","sunrise":1493380990,"sunset":1493430621},"id":5434006,"name":"Parker","cod":200} - responseTime=69
2017-04-27 21:57:28.465  INFO 22035 --- [    Test worker] getWeather.Application                   : Weather for Glasgow,uk: {"coord":{"lon":-4.26,"lat":55.87},"weather":[{"id":804,"main":"Clouds","description":"overcast clouds","icon":"04n"}],"base":"stations","main":{"temp":278.14,"pressure":1017,"humidity":93,"temp_min":276.15,"temp_max":279.15},"visibility":10000,"wind":{"speed":2.6,"deg":50},"clouds":{"all":90},"dt":1493349600,"sys":{"type":1,"id":5121,"message":0.0153,"country":"GB","sunrise":1493354390,"sunset":1493409029},"id":2648579,"name":"Glasgow","cod":200} - responseTime=145
2017-04-27 21:57:28.543  INFO 22035 --- [    Test worker] getWeather.Application                   : Weather for Cardiff,uk: {"coord":{"lon":-3.18,"lat":51.48},"weather":[{"id":801,"main":"Clouds","description":"few clouds","icon":"02n"}],"base":"stations","main":{"temp":279.48,"pressure":1018,"humidity":93,"temp_min":277.15,"temp_max":281.15},"visibility":10000,"wind":{"speed":3.1,"deg":300},"clouds":{"all":20},"dt":1493349600,"sys":{"type":1,"id":5074,"message":0.0235,"country":"GB","sunrise":1493354994,"sunset":1493407891},"id":2653822,"name":"Cardiff","cod":200} - responseTime=70
2017-04-27 21:57:28.607  INFO 22035 --- [    Test worker] getWeather.Application                   : Weather for Denver,us: {"coord":{"lon":-104.98,"lat":39.74},"weather":[{"id":521,"main":"Rain","description":"shower rain","icon":"09n"}],"base":"stations","main":{"temp":279.41,"pressure":1004,"humidity":75,"temp_min":277.15,"temp_max":281.15},"visibility":16093,"wind":{"speed":1.06,"deg":244.504},"clouds":{"all":1},"dt":1493350620,"sys":{"type":1,"id":602,"message":0.8753,"country":"US","sunrise":1493381019,"sunset":1493430698},"id":5419384,"name":"Denver","cod":200} - responseTime=61
2017-04-27 21:57:28.673  INFO 22035 --- [    Test worker] getWeather.Application                   : Weather for 80016,us: {"coord":{"lon":-104.76,"lat":39.52},"weather":[{"id":521,"main":"Rain","description":"shower rain","icon":"09n"}],"base":"stations","main":{"temp":277.45,"pressure":1005,"humidity":80,"temp_min":273.15,"temp_max":280.15},"visibility":16093,"wind":{"speed":1.5,"deg":330},"clouds":{"all":1},"dt":1493350440,"sys":{"type":1,"id":610,"message":0.1036,"country":"US","sunrise":1493380990,"sunset":1493430621},"id":5434006,"name":"Parker","cod":200} - responseTime=60
2017-04-27 21:57:33.828  INFO 22035 --- [    Test worker] getWeather.Application                   : Weather for Glasgow,uk: {"coord":{"lon":-4.26,"lat":55.87},"weather":[{"id":804,"main":"Clouds","description":"overcast clouds","icon":"04n"}],"base":"stations","main":{"temp":278.14,"pressure":1017,"humidity":93,"temp_min":276.15,"temp_max":279.15},"visibility":10000,"wind":{"speed":2.6,"deg":50},"clouds":{"all":90},"dt":1493349600,"sys":{"type":1,"id":5121,"message":0.0153,"country":"GB","sunrise":1493354390,"sunset":1493409029},"id":2648579,"name":"Glasgow","cod":200} - responseTime=154
2017-04-27 21:57:33.902  INFO 22035 --- [    Test worker] getWeather.Application                   : Weather for Cardiff,uk: {"coord":{"lon":-3.18,"lat":51.48},"weather":[{"id":801,"main":"Clouds","description":"few clouds","icon":"02n"}],"base":"stations","main":{"temp":279.48,"pressure":1018,"humidity":93,"temp_min":277.15,"temp_max":281.15},"visibility":10000,"wind":{"speed":3.1,"deg":300},"clouds":{"all":20},"dt":1493349600,"sys":{"type":1,"id":5074,"message":0.0235,"country":"GB","sunrise":1493354994,"sunset":1493407891},"id":2653822,"name":"Cardiff","cod":200} - responseTime=69
2017-04-27 21:57:33.982  INFO 22035 --- [    Test worker] getWeather.Application                   : Weather for Denver,us: {"coord":{"lon":-104.98,"lat":39.74},"weather":[{"id":521,"main":"Rain","description":"shower rain","icon":"09n"}],"base":"stations","main":{"temp":279.41,"pressure":1004,"humidity":75,"temp_min":277.15,"temp_max":281.15},"visibility":16093,"wind":{"speed":1.06,"deg":244.504},"clouds":{"all":1},"dt":1493350620,"sys":{"type":1,"id":602,"message":0.8753,"country":"US","sunrise":1493381019,"sunset":1493430698},"id":5419384,"name":"Denver","cod":200} - responseTime=78
2017-04-27 21:57:34.058  INFO 22035 --- [    Test worker] getWeather.Application                   : Weather for 80016,us: {"coord":{"lon":-104.76,"lat":39.52},"weather":[{"id":521,"main":"Rain","description":"shower rain","icon":"09n"}],"base":"stations","main":{"temp":277.45,"pressure":1005,"humidity":80,"temp_min":273.15,"temp_max":280.15},"visibility":16093,"wind":{"speed":1.5,"deg":330},"clouds":{"all":1},"dt":1493350440,"sys":{"type":1,"id":610,"message":0.1036,"country":"US","sunrise":1493380990,"sunset":1493430621},"id":5434006,"name":"Parker","cod":200} - responseTime=75
2017-04-27 21:57:39.199  INFO 22035 --- [    Test worker] getWeather.Application                   : Weather for Glasgow,uk: {"coord":{"lon":-4.26,"lat":55.87},"weather":[{"id":804,"main":"Clouds","description":"overcast clouds","icon":"04n"}],"base":"stations","main":{"temp":278.14,"pressure":1017,"humidity":93,"temp_min":276.15,"temp_max":279.15},"visibility":10000,"wind":{"speed":2.6,"deg":50},"clouds":{"all":90},"dt":1493349600,"sys":{"type":1,"id":5121,"message":0.0153,"country":"GB","sunrise":1493354390,"sunset":1493409029},"id":2648579,"name":"Glasgow","cod":200} - responseTime=135
2017-04-27 21:57:39.273  INFO 22035 --- [    Test worker] getWeather.Application                   : Weather for Cardiff,uk: {"coord":{"lon":-3.18,"lat":51.48},"weather":[{"id":801,"main":"Clouds","description":"few clouds","icon":"02n"}],"base":"stations","main":{"temp":279.48,"pressure":1018,"humidity":93,"temp_min":277.15,"temp_max":281.15},"visibility":10000,"wind":{"speed":3.1,"deg":300},"clouds":{"all":20},"dt":1493349600,"sys":{"type":1,"id":5074,"message":0.0235,"country":"GB","sunrise":1493354994,"sunset":1493407891},"id":2653822,"name":"Cardiff","cod":200} - responseTime=72
2017-04-27 21:57:39.337  INFO 22035 --- [    Test worker] getWeather.Application                   : Weather for Denver,us: {"coord":{"lon":-104.98,"lat":39.74},"weather":[{"id":521,"main":"Rain","description":"shower rain","icon":"09n"}],"base":"stations","main":{"temp":279.41,"pressure":1004,"humidity":75,"temp_min":277.15,"temp_max":281.15},"visibility":16093,"wind":{"speed":1.06,"deg":244.504},"clouds":{"all":1},"dt":1493350620,"sys":{"type":1,"id":602,"message":0.8753,"country":"US","sunrise":1493381019,"sunset":1493430698},"id":5419384,"name":"Denver","cod":200} - responseTime=60
2017-04-27 21:57:39.404  INFO 22035 --- [    Test worker] getWeather.Application                   : Weather for 80016,us: {"coord":{"lon":-104.76,"lat":39.52},"weather":[{"id":521,"main":"Rain","description":"shower rain","icon":"09n"}],"base":"stations","main":{"temp":277.45,"pressure":1005,"humidity":80,"temp_min":273.15,"temp_max":280.15},"visibility":16093,"wind":{"speed":1.5,"deg":330},"clouds":{"all":1},"dt":1493350440,"sys":{"type":1,"id":610,"message":0.1036,"country":"US","sunrise":1493380990,"sunset":1493430621},"id":5434006,"name":"Parker","cod":200} - responseTime=64
2017-04-27 21:57:44.545  INFO 22035 --- [    Test worker] getWeather.Application                   : Weather for Glasgow,uk: {"coord":{"lon":-4.26,"lat":55.87},"weather":[{"id":804,"main":"Clouds","description":"overcast clouds","icon":"04n"}],"base":"stations","main":{"temp":278.14,"pressure":1017,"humidity":93,"temp_min":276.15,"temp_max":279.15},"visibility":10000,"wind":{"speed":2.6,"deg":50},"clouds":{"all":90},"dt":1493349600,"sys":{"type":1,"id":5121,"message":0.0153,"country":"GB","sunrise":1493354390,"sunset":1493409029},"id":2648579,"name":"Glasgow","cod":200} - responseTime=138
2017-04-27 21:57:44.612  INFO 22035 --- [    Test worker] getWeather.Application                   : Weather for Cardiff,uk: {"coord":{"lon":-3.18,"lat":51.48},"weather":[{"id":801,"main":"Clouds","description":"few clouds","icon":"02n"}],"base":"stations","main":{"temp":279.48,"pressure":1018,"humidity":93,"temp_min":277.15,"temp_max":281.15},"visibility":10000,"wind":{"speed":3.1,"deg":300},"clouds":{"all":20},"dt":1493349600,"sys":{"type":1,"id":5074,"message":0.0235,"country":"GB","sunrise":1493354994,"sunset":1493407891},"id":2653822,"name":"Cardiff","cod":200} - responseTime=65
2017-04-27 21:57:44.687  INFO 22035 --- [    Test worker] getWeather.Application                   : Weather for Denver,us: {"coord":{"lon":-104.98,"lat":39.74},"weather":[{"id":521,"main":"Rain","description":"shower rain","icon":"09n"}],"base":"stations","main":{"temp":279.41,"pressure":1004,"humidity":75,"temp_min":277.15,"temp_max":281.15},"visibility":16093,"wind":{"speed":1.06,"deg":244.504},"clouds":{"all":1},"dt":1493350620,"sys":{"type":1,"id":602,"message":0.8753,"country":"US","sunrise":1493381019,"sunset":1493430698},"id":5419384,"name":"Denver","cod":200} - responseTime=73
2017-04-27 21:57:44.757  INFO 22035 --- [    Test worker] getWeather.Application                   : Weather for 80016,us: {"coord":{"lon":-104.76,"lat":39.52},"weather":[{"id":521,"main":"Rain","description":"shower rain","icon":"09n"}],"base":"stations","main":{"temp":277.45,"pressure":1005,"humidity":80,"temp_min":273.15,"temp_max":280.15},"visibility":16093,"wind":{"speed":1.5,"deg":330},"clouds":{"all":1},"dt":1493350440,"sys":{"type":1,"id":610,"message":0.1036,"country":"US","sunrise":1493380990,"sunset":1493430621},"id":5434006,"name":"Parker","cod":200} - responseTime=67
2017-04-27 21:57:54.384  INFO 22035 --- [    Test worker] getWeather.Application                   : Weather for Glasgow,uk: {"coord":{"lon":-4.26,"lat":55.87},"weather":[{"id":804,"main":"Clouds","description":"overcast clouds","icon":"04n"}],"base":"stations","main":{"temp":278.14,"pressure":1017,"humidity":93,"temp_min":276.15,"temp_max":279.15},"visibility":10000,"wind":{"speed":2.6,"deg":50},"clouds":{"all":90},"dt":1493349600,"sys":{"type":1,"id":5121,"message":0.0172,"country":"GB","sunrise":1493354390,"sunset":1493409029},"id":2648579,"name":"Glasgow","cod":200} - responseTime=4625
2017-04-27 21:57:54.453  INFO 22035 --- [    Test worker] getWeather.Application                   : Weather for Cardiff,uk: {"coord":{"lon":-3.18,"lat":51.48},"weather":[{"id":801,"main":"Clouds","description":"few clouds","icon":"02n"}],"base":"stations","main":{"temp":279.48,"pressure":1018,"humidity":93,"temp_min":277.15,"temp_max":281.15},"visibility":10000,"wind":{"speed":3.1,"deg":300},"clouds":{"all":20},"dt":1493349600,"sys":{"type":1,"id":5074,"message":0.0235,"country":"GB","sunrise":1493354994,"sunset":1493407891},"id":2653822,"name":"Cardiff","cod":200} - responseTime=69
2017-04-27 21:57:54.523  INFO 22035 --- [    Test worker] getWeather.Application                   : Weather for Denver,us: {"coord":{"lon":-104.98,"lat":39.74},"weather":[{"id":521,"main":"Rain","description":"shower rain","icon":"09n"}],"base":"stations","main":{"temp":279.41,"pressure":1004,"humidity":75,"temp_min":277.15,"temp_max":281.15},"visibility":16093,"wind":{"speed":1.06,"deg":244.504},"clouds":{"all":1},"dt":1493350620,"sys":{"type":1,"id":602,"message":0.0464,"country":"US","sunrise":1493381019,"sunset":1493430698},"id":5419384,"name":"Denver","cod":200} - responseTime=67
2017-04-27 21:57:54.589  INFO 22035 --- [    Test worker] getWeather.Application                   : Weather for 80016,us: {"coord":{"lon":-104.76,"lat":39.52},"weather":[{"id":521,"main":"Rain","description":"shower rain","icon":"09n"}],"base":"stations","main":{"temp":277.45,"pressure":1005,"humidity":80,"temp_min":273.15,"temp_max":280.15},"visibility":16093,"wind":{"speed":1.5,"deg":330},"clouds":{"all":1},"dt":1493350440,"sys":{"type":1,"id":610,"message":0.1036,"country":"US","sunrise":1493380990,"sunset":1493430621},"id":5434006,"name":"Parker","cod":200} - responseTime=63
2017-04-27 21:57:59.720  INFO 22035 --- [    Test worker] getWeather.Application                   : Weather for Glasgow,uk: {"coord":{"lon":-4.26,"lat":55.87},"weather":[{"id":804,"main":"Clouds","description":"overcast clouds","icon":"04n"}],"base":"stations","main":{"temp":278.14,"pressure":1017,"humidity":93,"temp_min":276.15,"temp_max":279.15},"visibility":10000,"wind":{"speed":2.6,"deg":50},"clouds":{"all":90},"dt":1493349600,"sys":{"type":1,"id":5121,"message":0.0172,"country":"GB","sunrise":1493354390,"sunset":1493409029},"id":2648579,"name":"Glasgow","cod":200} - responseTime=126
2017-04-27 21:57:59.790  INFO 22035 --- [    Test worker] getWeather.Application                   : Weather for Cardiff,uk: {"coord":{"lon":-3.18,"lat":51.48},"weather":[{"id":801,"main":"Clouds","description":"few clouds","icon":"02n"}],"base":"stations","main":{"temp":279.48,"pressure":1018,"humidity":93,"temp_min":277.15,"temp_max":281.15},"visibility":10000,"wind":{"speed":3.1,"deg":300},"clouds":{"all":20},"dt":1493349600,"sys":{"type":1,"id":5074,"message":0.0235,"country":"GB","sunrise":1493354994,"sunset":1493407891},"id":2653822,"name":"Cardiff","cod":200} - responseTime=68
2017-04-27 21:57:59.848  INFO 22035 --- [    Test worker] getWeather.Application                   : Weather for Denver,us: {"coord":{"lon":-104.98,"lat":39.74},"weather":[{"id":521,"main":"Rain","description":"shower rain","icon":"09n"}],"base":"stations","main":{"temp":279.41,"pressure":1004,"humidity":75,"temp_min":277.15,"temp_max":281.15},"visibility":16093,"wind":{"speed":1.06,"deg":244.504},"clouds":{"all":1},"dt":1493350620,"sys":{"type":1,"id":602,"message":0.0464,"country":"US","sunrise":1493381019,"sunset":1493430698},"id":5419384,"name":"Denver","cod":200} - responseTime=58
2017-04-27 21:57:59.905  INFO 22035 --- [    Test worker] getWeather.Application                   : Weather for 80016,us: {"coord":{"lon":-104.76,"lat":39.52},"weather":[{"id":521,"main":"Rain","description":"shower rain","icon":"09n"}],"base":"stations","main":{"temp":277.45,"pressure":1005,"humidity":80,"temp_min":273.15,"temp_max":280.15},"visibility":16093,"wind":{"speed":1.5,"deg":330},"clouds":{"all":1},"dt":1493350440,"sys":{"type":1,"id":610,"message":0.1036,"country":"US","sunrise":1493380990,"sunset":1493430621},"id":5434006,"name":"Parker","cod":200} - responseTime=57
2017-04-27 21:58:05.048  INFO 22035 --- [    Test worker] getWeather.Application                   : Weather for Glasgow,uk: {"coord":{"lon":-4.26,"lat":55.87},"weather":[{"id":804,"main":"Clouds","description":"overcast clouds","icon":"04n"}],"base":"stations","main":{"temp":278.14,"pressure":1017,"humidity":93,"temp_min":276.15,"temp_max":279.15},"visibility":10000,"wind":{"speed":2.6,"deg":50},"clouds":{"all":90},"dt":1493349600,"sys":{"type":1,"id":5121,"message":0.0172,"country":"GB","sunrise":1493354390,"sunset":1493409029},"id":2648579,"name":"Glasgow","cod":200} - responseTime=142
2017-04-27 21:58:05.116  INFO 22035 --- [    Test worker] getWeather.Application                   : Weather for Cardiff,uk: {"coord":{"lon":-3.18,"lat":51.48},"weather":[{"id":801,"main":"Clouds","description":"few clouds","icon":"02n"}],"base":"stations","main":{"temp":279.48,"pressure":1018,"humidity":93,"temp_min":277.15,"temp_max":281.15},"visibility":10000,"wind":{"speed":3.1,"deg":300},"clouds":{"all":20},"dt":1493349600,"sys":{"type":1,"id":5074,"message":0.0235,"country":"GB","sunrise":1493354994,"sunset":1493407891},"id":2653822,"name":"Cardiff","cod":200} - responseTime=66
2017-04-27 21:58:05.187  INFO 22035 --- [    Test worker] getWeather.Application                   : Weather for Denver,us: {"coord":{"lon":-104.98,"lat":39.74},"weather":[{"id":521,"main":"Rain","description":"shower rain","icon":"09n"}],"base":"stations","main":{"temp":279.41,"pressure":1004,"humidity":75,"temp_min":277.15,"temp_max":281.15},"visibility":16093,"wind":{"speed":1.06,"deg":244.504},"clouds":{"all":1},"dt":1493350620,"sys":{"type":1,"id":602,"message":0.0464,"country":"US","sunrise":1493381019,"sunset":1493430698},"id":5419384,"name":"Denver","cod":200} - responseTime=64
2017-04-27 21:58:05.255  INFO 22035 --- [    Test worker] getWeather.Application                   : Weather for 80016,us: {"coord":{"lon":-104.76,"lat":39.52},"weather":[{"id":521,"main":"Rain","description":"shower rain","icon":"09n"}],"base":"stations","main":{"temp":277.45,"pressure":1005,"humidity":80,"temp_min":273.15,"temp_max":280.15},"visibility":16093,"wind":{"speed":1.5,"deg":330},"clouds":{"all":1},"dt":1493350440,"sys":{"type":1,"id":610,"message":0.1036,"country":"US","sunrise":1493380990,"sunset":1493430621},"id":5434006,"name":"Parker","cod":200} - responseTime=63
2017-04-27 21:58:10.385  INFO 22035 --- [    Test worker] getWeather.Application                   : Weather for Glasgow,uk: {"coord":{"lon":-4.26,"lat":55.87},"weather":[{"id":804,"main":"Clouds","description":"overcast clouds","icon":"04n"}],"base":"stations","main":{"temp":278.14,"pressure":1017,"humidity":93,"temp_min":276.15,"temp_max":279.15},"visibility":10000,"wind":{"speed":2.6,"deg":50},"clouds":{"all":90},"dt":1493349600,"sys":{"type":1,"id":5121,"message":0.0172,"country":"GB","sunrise":1493354390,"sunset":1493409029},"id":2648579,"name":"Glasgow","cod":200} - responseTime=128
2017-04-27 21:58:10.447  INFO 22035 --- [    Test worker] getWeather.Application                   : Weather for Cardiff,uk: {"coord":{"lon":-3.18,"lat":51.48},"weather":[{"id":801,"main":"Clouds","description":"few clouds","icon":"02n"}],"base":"stations","main":{"temp":279.48,"pressure":1018,"humidity":93,"temp_min":277.15,"temp_max":281.15},"visibility":10000,"wind":{"speed":3.1,"deg":300},"clouds":{"all":20},"dt":1493349600,"sys":{"type":1,"id":5074,"message":0.0235,"country":"GB","sunrise":1493354994,"sunset":1493407891},"id":2653822,"name":"Cardiff","cod":200} - responseTime=62
2017-04-27 21:58:10.505  INFO 22035 --- [    Test worker] getWeather.Application                   : Weather for Denver,us: {"coord":{"lon":-104.98,"lat":39.74},"weather":[{"id":521,"main":"Rain","description":"shower rain","icon":"09n"}],"base":"stations","main":{"temp":279.41,"pressure":1004,"humidity":75,"temp_min":277.15,"temp_max":281.15},"visibility":16093,"wind":{"speed":1.06,"deg":244.504},"clouds":{"all":1},"dt":1493350620,"sys":{"type":1,"id":602,"message":0.0464,"country":"US","sunrise":1493381019,"sunset":1493430698},"id":5419384,"name":"Denver","cod":200} - responseTime=57
2017-04-27 21:58:10.566  INFO 22035 --- [    Test worker] getWeather.Application                   : Weather for 80016,us: {"coord":{"lon":-104.76,"lat":39.52},"weather":[{"id":521,"main":"Rain","description":"shower rain","icon":"09n"}],"base":"stations","main":{"temp":277.45,"pressure":1005,"humidity":80,"temp_min":273.15,"temp_max":280.15},"visibility":16093,"wind":{"speed":1.5,"deg":330},"clouds":{"all":1},"dt":1493350440,"sys":{"type":1,"id":610,"message":0.1036,"country":"US","sunrise":1493380990,"sunset":1493430621},"id":5434006,"name":"Parker","cod":200} - responseTime=60
2017-04-27 21:58:15.572  INFO 22035 --- [    Test worker] getWeather.ApplicationTest               : Started ApplicationTest in 64.738 seconds (JVM running for 65.975)
]]></system-out>
  <system-err><![CDATA[]]></system-err>
</testsuite>
